<?xml version="1.0" encoding="UTF-8"?>
<testng-results skipped="0" failed="0" total="0" passed="0">
  <reporter-output>
  </reporter-output>
  <suite name="com.myweb.duty_rostering_core_dao.AppTest" duration-ms="2" started-at="2017-10-25T21:08:37Z" finished-at="2017-10-25T21:08:37Z">
    <groups>
    </groups>
    <test name="Command line test" duration-ms="2" started-at="2017-10-25T21:08:37Z" finished-at="2017-10-25T21:08:37Z">
    </test> <!-- Command line test -->
  </suite> <!-- com.myweb.duty_rostering_core_dao.AppTest -->
</testng-results>
