<?xml version="1.0" encoding="UTF-8"?>
<testng-results skipped="0" failed="0" total="0" passed="0">
  <reporter-output>
  </reporter-output>
  <suite name="com.myweb.duty_rostering_core_web.AppTest" duration-ms="15" started-at="2017-10-26T16:34:01Z" finished-at="2017-10-26T16:34:01Z">
    <groups>
    </groups>
    <test name="Command line test" duration-ms="15" started-at="2017-10-26T16:34:01Z" finished-at="2017-10-26T16:34:01Z">
    </test> <!-- Command line test -->
  </suite> <!-- com.myweb.duty_rostering_core_web.AppTest -->
</testng-results>
