<?xml version="1.0" encoding="UTF-8"?>
<testng-results skipped="0" failed="0" total="0" passed="0">
  <reporter-output>
  </reporter-output>
  <suite name="com.myweb.duty_rostering_core_data.AppTest" duration-ms="0" started-at="2017-10-27T17:10:20Z" finished-at="2017-10-27T17:10:20Z">
    <groups>
    </groups>
    <test name="Command line test" duration-ms="0" started-at="2017-10-27T17:10:20Z" finished-at="2017-10-27T17:10:20Z">
    </test> <!-- Command line test -->
  </suite> <!-- com.myweb.duty_rostering_core_data.AppTest -->
</testng-results>
