<?xml version="1.0" encoding="UTF-8"?>
<testng-results skipped="0" failed="0" total="1" passed="1">
  <reporter-output>
  </reporter-output>
  <suite name="Default suite" duration-ms="1372" started-at="2017-11-02T16:46:23Z" finished-at="2017-11-02T16:46:24Z">
    <groups>
    </groups>
    <test name="Default test" duration-ms="1372" started-at="2017-11-02T16:46:23Z" finished-at="2017-11-02T16:46:24Z">
      <class name="com.myweb.api.test.LoginTest">
        <test-method status="PASS" signature="checkFindEmployeeByProperties()[pri:0, instance:com.myweb.api.test.LoginTest@59ec2012]" name="checkFindEmployeeByProperties" duration-ms="1356" started-at="2017-11-02T23:46:23Z" finished-at="2017-11-02T23:46:24Z">
          <reporter-output>
          </reporter-output>
        </test-method> <!-- checkFindEmployeeByProperties -->
      </class> <!-- com.myweb.api.test.LoginTest -->
    </test> <!-- Default test -->
  </suite> <!-- Default suite -->
</testng-results>
