<?xml version="1.0" encoding="UTF-8"?>
<testng-results skipped="0" failed="0" total="1" passed="1">
  <reporter-output>
  </reporter-output>
  <suite name="Default suite" duration-ms="206720" started-at="2017-10-26T15:40:35Z" finished-at="2017-10-26T15:44:02Z">
    <groups>
    </groups>
    <test name="Default test" duration-ms="206720" started-at="2017-10-26T15:40:35Z" finished-at="2017-10-26T15:44:02Z">
      <class name="com.myweb.core.test.ShiftTypeTest">
        <test-method status="PASS" signature="checkDelete()[pri:0, instance:com.myweb.core.test.ShiftTypeTest@10e92f8f]" name="checkDelete" duration-ms="206696" started-at="2017-10-26T22:40:35Z" finished-at="2017-10-26T22:44:02Z">
          <reporter-output>
          </reporter-output>
        </test-method> <!-- checkDelete -->
      </class> <!-- com.myweb.core.test.ShiftTypeTest -->
    </test> <!-- Default test -->
  </suite> <!-- Default suite -->
</testng-results>
